
Unable to resolve some modules:

  "./util/root" in /D/prog_js/socially16/node_modules/rxjs/Observable.js
(web.browser)
  "./symbol/observable" in
/D/prog_js/socially16/node_modules/rxjs/Observable.js (web.browser)
  "./util/toSubscriber" in
/D/prog_js/socially16/node_modules/rxjs/Observable.js (web.browser)
  "./util/isFunction" in
/D/prog_js/socially16/node_modules/rxjs/Subscription.js (web.browser)
  "./util/isArray" in /D/prog_js/socially16/node_modules/rxjs/Subscription.js
(web.browser)
  "./util/isObject" in
/D/prog_js/socially16/node_modules/rxjs/Subscription.js (web.browser)
  "./util/tryCatch" in
/D/prog_js/socially16/node_modules/rxjs/Subscription.js (web.browser)
  "./util/errorObject" in
/D/prog_js/socially16/node_modules/rxjs/Subscription.js (web.browser)
  "./util/UnsubscriptionError" in
/D/prog_js/socially16/node_modules/rxjs/Subscription.js (web.browser)
  "./symbol/rxSubscriber" in
/D/prog_js/socially16/node_modules/rxjs/Subject.js (web.browser)
  "./util/throwError" in /D/prog_js/socially16/node_modules/rxjs/Subject.js
(web.browser)
  "./util/ObjectUnsubscribedError" in
/D/prog_js/socially16/node_modules/rxjs/Subject.js (web.browser)
  "rxjs/observable/PromiseObservable" in
/D/prog_js/socially16/node_modules/@angular/compiler/src/facade/async.js
(web.browser)
  "rxjs/operator/toPromise" in
/D/prog_js/socially16/node_modules/@angular/compiler/src/facade/async.js
(web.browser)
  "./src/platform_browser" in
/D/prog_js/socially16/node_modules/@angular/platform-browser/index.js
(web.browser)
  "@angular/platform-browser/src/browser_common" in
/D/prog_js/socially16/node_modules/angular2-meteor-auto-bootstrap/build/bootstrap.js
(web.browser)
  "collections/methods" in /D/prog_js/socially16/client/app.js (web.browser)

If you notice problems related to these missing modules, consider running:

  meteor npm install --save rxjs @angular collections


Unable to resolve some modules:

  "collections/methods" in /D/prog_js/socially16/server/main.js
(os.windows.x86_32)

If you notice problems related to these missing modules, consider running:

  meteor npm install --save collections


Unable to resolve some modules:

  "./util/root" in /D/prog_js/socially16/node_modules/rxjs/Observable.js
(web.browser)
  "./symbol/observable" in
/D/prog_js/socially16/node_modules/rxjs/Observable.js (web.browser)
  "./util/toSubscriber" in
/D/prog_js/socially16/node_modules/rxjs/Observable.js (web.browser)
  "./util/isFunction" in
/D/prog_js/socially16/node_modules/rxjs/Subscription.js (web.browser)
  "./util/isArray" in /D/prog_js/socially16/node_modules/rxjs/Subscription.js
(web.browser)
  "./util/isObject" in
/D/prog_js/socially16/node_modules/rxjs/Subscription.js (web.browser)
  "./util/tryCatch" in
/D/prog_js/socially16/node_modules/rxjs/Subscription.js (web.browser)
  "./util/errorObject" in
/D/prog_js/socially16/node_modules/rxjs/Subscription.js (web.browser)
  "./util/UnsubscriptionError" in
/D/prog_js/socially16/node_modules/rxjs/Subscription.js (web.browser)
  "./symbol/rxSubscriber" in
/D/prog_js/socially16/node_modules/rxjs/Subject.js (web.browser)
  "./util/throwError" in /D/prog_js/socially16/node_modules/rxjs/Subject.js
(web.browser)
  "./util/ObjectUnsubscribedError" in
/D/prog_js/socially16/node_modules/rxjs/Subject.js (web.browser)
  "rxjs/observable/PromiseObservable" in
/D/prog_js/socially16/node_modules/@angular/compiler/src/facade/async.js
(web.browser)
  "rxjs/operator/toPromise" in
/D/prog_js/socially16/node_modules/@angular/compiler/src/facade/async.js
(web.browser)
  "./src/platform_browser" in
/D/prog_js/socially16/node_modules/@angular/platform-browser/index.js
(web.browser)
  "@angular/platform-browser/src/browser_common" in
/D/prog_js/socially16/node_modules/angular2-meteor-auto-bootstrap/build/bootstrap.js
(web.browser)
  "collections/methods" in /D/prog_js/socially16/client/app.js (web.browser)

If you notice problems related to these missing modules, consider running:

  meteor npm install --save rxjs @angular collections


Unable to resolve some modules:

  "collections/methods" in /D/prog_js/socially16/server/main.js
(os.windows.x86_32)

If you notice problems related to these missing modules, consider running:

  meteor npm install --save collections


Unable to resolve some modules:

  "./util/root" in /D/prog_js/socially16/node_modules/rxjs/Observable.js
(web.browser)
  "./symbol/observable" in
/D/prog_js/socially16/node_modules/rxjs/Observable.js (web.browser)
  "./util/toSubscriber" in
/D/prog_js/socially16/node_modules/rxjs/Observable.js (web.browser)
  "./util/isFunction" in
/D/prog_js/socially16/node_modules/rxjs/Subscription.js (web.browser)
  "./util/isArray" in /D/prog_js/socially16/node_modules/rxjs/Subscription.js
(web.browser)
  "./util/isObject" in
/D/prog_js/socially16/node_modules/rxjs/Subscription.js (web.browser)
  "./util/tryCatch" in
/D/prog_js/socially16/node_modules/rxjs/Subscription.js (web.browser)
  "./util/errorObject" in
/D/prog_js/socially16/node_modules/rxjs/Subscription.js (web.browser)
  "./util/UnsubscriptionError" in
/D/prog_js/socially16/node_modules/rxjs/Subscription.js (web.browser)
  "./symbol/rxSubscriber" in
/D/prog_js/socially16/node_modules/rxjs/Subject.js (web.browser)
  "./util/throwError" in /D/prog_js/socially16/node_modules/rxjs/Subject.js
(web.browser)
  "./util/ObjectUnsubscribedError" in
/D/prog_js/socially16/node_modules/rxjs/Subject.js (web.browser)
  "rxjs/observable/PromiseObservable" in
/D/prog_js/socially16/node_modules/@angular/compiler/src/facade/async.js
(web.browser)
  "rxjs/operator/toPromise" in
/D/prog_js/socially16/node_modules/@angular/compiler/src/facade/async.js
(web.browser)
  "./src/platform_browser" in
/D/prog_js/socially16/node_modules/@angular/platform-browser/index.js
(web.browser)
  "@angular/platform-browser/src/browser_common" in
/D/prog_js/socially16/node_modules/angular2-meteor-auto-bootstrap/build/bootstrap.js
(web.browser)
  "collections/methods" in /D/prog_js/socially16/client/app.js (web.browser)

If you notice problems related to these missing modules, consider running:

  meteor npm install --save rxjs @angular collections


Unable to resolve some modules:

  "collections/methods" in /D/prog_js/socially16/server/main.js
(os.windows.x86_32)

If you notice problems related to these missing modules, consider running:

  meteor npm install --save collections


Unable to resolve some modules:

  "./util/root" in /D/prog_js/socially16/node_modules/rxjs/Observable.js
(web.browser)
  "./symbol/observable" in
/D/prog_js/socially16/node_modules/rxjs/Observable.js (web.browser)
  "./util/toSubscriber" in
/D/prog_js/socially16/node_modules/rxjs/Observable.js (web.browser)
  "./util/isFunction" in
/D/prog_js/socially16/node_modules/rxjs/Subscription.js (web.browser)
  "./util/isArray" in /D/prog_js/socially16/node_modules/rxjs/Subscription.js
(web.browser)
  "./util/isObject" in
/D/prog_js/socially16/node_modules/rxjs/Subscription.js (web.browser)
  "./util/tryCatch" in
/D/prog_js/socially16/node_modules/rxjs/Subscription.js (web.browser)
  "./util/errorObject" in
/D/prog_js/socially16/node_modules/rxjs/Subscription.js (web.browser)
  "./util/UnsubscriptionError" in
/D/prog_js/socially16/node_modules/rxjs/Subscription.js (web.browser)
  "./symbol/rxSubscriber" in
/D/prog_js/socially16/node_modules/rxjs/Subject.js (web.browser)
  "./util/throwError" in /D/prog_js/socially16/node_modules/rxjs/Subject.js
(web.browser)
  "./util/ObjectUnsubscribedError" in
/D/prog_js/socially16/node_modules/rxjs/Subject.js (web.browser)
  "rxjs/observable/PromiseObservable" in
/D/prog_js/socially16/node_modules/@angular/compiler/src/facade/async.js
(web.browser)
  "rxjs/operator/toPromise" in
/D/prog_js/socially16/node_modules/@angular/compiler/src/facade/async.js
(web.browser)
  "./src/platform_browser" in
/D/prog_js/socially16/node_modules/@angular/platform-browser/index.js
(web.browser)
  "@angular/platform-browser/src/browser_common" in
/D/prog_js/socially16/node_modules/angular2-meteor-auto-bootstrap/build/bootstrap.js
(web.browser)
  "collections/methods" in /D/prog_js/socially16/client/app.js (web.browser)

If you notice problems related to these missing modules, consider running:

  meteor npm install --save rxjs @angular collections


Unable to resolve some modules:

  "collections/methods" in /D/prog_js/socially16/server/main.js
(os.windows.x86_32)

If you notice problems related to these missing modules, consider running:

  meteor npm install --save collections

